C51 COMPILER V9.60.0.0   ADC                                                               11/24/2022 15:43:11 PAGE 1   


C51 COMPILER V9.60.0.0, COMPILATION OF MODULE ADC
OBJECT MODULE PLACED IN .\Objects\ADC.obj
COMPILER INVOKED BY: D:\Keil_v5\C51\BIN\C51.EXE ..\Hardware\ADC\ADC.c LARGE OPTIMIZE(8,SPEED) BROWSE INCDIR(..\User;..\H
                    -ardware\SYSCLK;..\Hardware\GPIOConfig;..\Hardware\Delay;..\Hardware\usart;..\Hardware\I2C;..\Hardware\ADC;..\Hardware\PW
                    -M;..\Hardware\EEPROM;..\Hardware\ADC11;..\Hardware\TIM) DEBUG OBJECTEXTEND PRINT(.\Listings\ADC.lst) TABS(2) OBJECT(.\Ob
                    -jects\ADC.obj)

line level    source

   1          #include <ADC.h>
   2          #include <gpioconfig.h>
   3          #include <intrins.h>
   4          //ADC配置
   5          void ADC_init()
   6          {
   7   1        ADCCFG=0X2F;//右对齐,ADC转换时间为512个时钟数
   8   1        ADC_CONTR=0X82;//打开ADC电源，选择P1.2做为ADC
   9   1      }
  10          
  11          u16 ADC_Get()
  12          {
  13   1        u16 ADC;
  14   1        ADC_CONTR |= 0x40; // 启动ADC
  15   1        _nop_();  
  16   1        _nop_();  
  17   1        while (!(ADC_CONTR & 0x20)); //等待ADC完成 
  18   1        ADC_CONTR &= ~0x20; //  清除完成标志位 
  19   1        ADC = ((u16)ADC_RES)<<8|ADC_RESL; //读取ADC
  20   1        return ADC;
  21   1      }
  22          
  23          u16 ADC_Average()
  24          {
  25   1        u16 sum=0;
  26   1        u16 ad,i;
  27   1        u16 average;
  28   1        for(i=0;i<9;i++)
  29   1        {
  30   2          ad=ADC_Get();
  31   2          sum=sum+ad;
  32   2        }
  33   1        average=sum/10;
  34   1        return average;
  35   1      }


MODULE INFORMATION:   STATIC OVERLAYABLE
   CODE SIZE        =     79    ----
   CONSTANT SIZE    =   ----    ----
   XDATA SIZE       =   ----       2
   PDATA SIZE       =   ----    ----
   DATA SIZE        =   ----    ----
   IDATA SIZE       =   ----    ----
   BIT SIZE         =   ----    ----
END OF MODULE INFORMATION.


C51 COMPILATION COMPLETE.  0 WARNING(S),  0 ERROR(S)
