C51 COMPILER V9.60.0.0   GPIOCONFIG                                                        11/24/2022 15:43:10 PAGE 1   


C51 COMPILER V9.60.0.0, COMPILATION OF MODULE GPIOCONFIG
OBJECT MODULE PLACED IN .\Objects\GPIOConfig.obj
COMPILER INVOKED BY: D:\Keil_v5\C51\BIN\C51.EXE ..\Hardware\GPIOConfig\GPIOConfig.c LARGE OPTIMIZE(8,SPEED) BROWSE INCDI
                    -R(..\User;..\Hardware\SYSCLK;..\Hardware\GPIOConfig;..\Hardware\Delay;..\Hardware\usart;..\Hardware\I2C;..\Hardware\ADC;
                    -..\Hardware\PWM;..\Hardware\EEPROM;..\Hardware\ADC11;..\Hardware\TIM) DEBUG OBJECTEXTEND PRINT(.\Listings\GPIOConfig.lst
                    -) TABS(2) OBJECT(.\Objects\GPIOConfig.obj)

line level    source

   1          #include <gpioconfig.h>
   2          
   3          /**************************************************************************
   4          注：
   5          P0M0 = 0x00; //设置 P0.0~P0.7 为双向口模式
   6          P0M1 = 0x00;
   7          P1M0 = 0xff; //设置 P1.0~P1.7 为推挽输出模式
   8          P1M1 = 0x00;
   9          P2M0 = 0x00; //设置 P2.0~P2.7 为高阻输入模式
  10          P2M1 = 0xff;
  11          P3M0 = 0xff; //设置 P3.0~P3.7 为开漏模式
  12          P3M1 = 0xff;
  13          **************************************************************************/
  14          void gpioconfig()
  15          {
  16   1        P0M0 = 0x00; 
  17   1        P0M1 = 0x08;    //P0.3为输入ADC，高阻输入模式(作为入网随机时间，执行1次）     
  18   1        P1M0 = 0x08; 
  19   1        P1M1 = 0x04;    //P1.2为输入ADC，高阻输入模式
  20   1        P2M0 = 0x00; 
  21   1        P2M1 = 0x00;
  22   1        P3M0 = 0x00; 
  23   1        P3M1 = 0x00;
  24   1        P4M0 = 0x00; 
  25   1        P4M1 = 0x00;
  26   1        P5M0 = 0x28;    //P5.5继电器控制引脚，设置为推挽输出
  27   1        P5M1 = 0x00;
  28   1        P6M0 = 0x00; 
  29   1        P6M1 = 0x00;
  30   1        P7M0 = 0x00; 
  31   1        P7M1 = 0x00;
  32   1        P_SW1= 0x04;
  33   1        P_SW2= 0x80;    
  34   1        wp=0;
  35   1      }


MODULE INFORMATION:   STATIC OVERLAYABLE
   CODE SIZE        =     46    ----
   CONSTANT SIZE    =   ----    ----
   XDATA SIZE       =   ----    ----
   PDATA SIZE       =   ----    ----
   DATA SIZE        =   ----    ----
   IDATA SIZE       =   ----    ----
   BIT SIZE         =   ----    ----
END OF MODULE INFORMATION.


C51 COMPILATION COMPLETE.  0 WARNING(S),  0 ERROR(S)
